<?xml version="1.0" encoding="UTF-8"?>
<testng-results ignored="0" total="0" passed="0" failed="0" skipped="0">
  <reporter-output>
  </reporter-output>
  <suite started-at="2021-02-03T22:26:35 UYT" name="Surefire suite" finished-at="2021-02-03T22:27:08 UYT" duration-ms="32420">
    <groups>
    </groups>
    <test started-at="2021-02-03T22:26:35 UYT" name="Surefire test" finished-at="2021-02-03T22:27:08 UYT" duration-ms="32420">
    </test> <!-- Surefire test -->
  </suite> <!-- Surefire suite -->
</testng-results>
